96231 [http-nio-8080-exec-5] ERROR error - bitches 
22652 [http-nio-8080-exec-1] ERROR error - bitches 
31064 [http-nio-8080-exec-1] ERROR error - bitches 
[2m2017-12-30 15:27:25.809[0;39m [31mERROR[0;39m [35m14028[0;39m [2m---[0;39m [2m[nio-8080-exec-1][0;39m [36merror                                   [0;39m [2m:[0;39m bitches
2017-12-30 15:32:04 [http-nio-8080-exec-1] ERROR error - bitches
2017-12-30 15:52:20 [restartedMain] INFO  org.gl3.rentos.RentosApplication - Starting RentosApplication on Haouech-Laptop with PID 15208 (Z:\Career\Projects\rentos\carrent\target\classes started by haoue in Z:\Career\Projects\rentos\carrent)
2017-12-30 15:52:20 [restartedMain] INFO  org.gl3.rentos.RentosApplication - No active profile set, falling back to default profiles: default
2017-12-30 15:52:20 [restartedMain] INFO  o.s.b.c.e.AnnotationConfigEmbeddedWebApplicationContext - Refreshing org.springframework.boot.context.embedded.AnnotationConfigEmbeddedWebApplicationContext@209cf500: startup date [Sat Dec 30 15:52:20 GMT+01:00 2017]; root of context hierarchy
2017-12-30 15:52:22 [restartedMain] INFO  o.s.b.c.e.t.TomcatEmbeddedServletContainer - Tomcat initialized with port(s): 8080 (http)
2017-12-30 15:52:22 [restartedMain] INFO  o.a.catalina.core.StandardService - Starting service [Tomcat]
2017-12-30 15:52:22 [restartedMain] INFO  o.a.catalina.core.StandardEngine - Starting Servlet Engine: Apache Tomcat/8.5.23
2017-12-30 15:52:22 [localhost-startStop-1] INFO  o.a.c.c.C.[Tomcat].[localhost].[/] - Initializing Spring embedded WebApplicationContext
2017-12-30 15:52:22 [localhost-startStop-1] INFO  o.s.web.context.ContextLoader - Root WebApplicationContext: initialization completed in 1512 ms
2017-12-30 15:52:22 [localhost-startStop-1] INFO  o.s.b.w.s.ServletRegistrationBean - Mapping servlet: 'dispatcherServlet' to [/]
2017-12-30 15:52:22 [localhost-startStop-1] INFO  o.s.b.w.s.FilterRegistrationBean - Mapping filter: 'characterEncodingFilter' to: [/*]
2017-12-30 15:52:22 [localhost-startStop-1] INFO  o.s.b.w.s.FilterRegistrationBean - Mapping filter: 'hiddenHttpMethodFilter' to: [/*]
2017-12-30 15:52:22 [localhost-startStop-1] INFO  o.s.b.w.s.FilterRegistrationBean - Mapping filter: 'httpPutFormContentFilter' to: [/*]
2017-12-30 15:52:22 [localhost-startStop-1] INFO  o.s.b.w.s.FilterRegistrationBean - Mapping filter: 'requestContextFilter' to: [/*]
2017-12-30 15:52:22 [restartedMain] INFO  o.s.o.j.LocalContainerEntityManagerFactoryBean - Building JPA container EntityManagerFactory for persistence unit 'default'
2017-12-30 15:52:22 [restartedMain] INFO  o.h.jpa.internal.util.LogHelper - HHH000204: Processing PersistenceUnitInfo [
	name: default
	...]
2017-12-30 15:52:22 [restartedMain] INFO  org.hibernate.Version - HHH000412: Hibernate Core {5.0.12.Final}
2017-12-30 15:52:22 [restartedMain] INFO  org.hibernate.cfg.Environment - HHH000206: hibernate.properties not found
2017-12-30 15:52:22 [restartedMain] INFO  org.hibernate.cfg.Environment - HHH000021: Bytecode provider name : javassist
2017-12-30 15:52:22 [restartedMain] INFO  o.h.annotations.common.Version - HCANN000001: Hibernate Commons Annotations {5.0.1.Final}
2017-12-30 15:52:22 [restartedMain] INFO  org.hibernate.dialect.Dialect - HHH000400: Using dialect: org.hibernate.dialect.DerbyDialect
2017-12-30 15:52:22 [restartedMain] WARN  org.hibernate.dialect.DerbyDialect - HHH000430: The DerbyDialect dialect has been deprecated; use one of the version-specific dialects instead
2017-12-30 15:52:23 [restartedMain] WARN  org.hibernate.orm.deprecation - HHH90000014: Found use of deprecated [org.hibernate.id.SequenceHiLoGenerator] sequence-based id generator; use org.hibernate.id.enhanced.SequenceStyleGenerator instead.  See Hibernate Domain Model Mapping Guide for details.
2017-12-30 15:52:23 [restartedMain] WARN  org.hibernate.orm.deprecation - HHH90000014: Found use of deprecated [org.hibernate.id.SequenceHiLoGenerator] sequence-based id generator; use org.hibernate.id.enhanced.SequenceStyleGenerator instead.  See Hibernate Domain Model Mapping Guide for details.
2017-12-30 15:52:23 [restartedMain] WARN  org.hibernate.orm.deprecation - HHH90000014: Found use of deprecated [org.hibernate.id.SequenceHiLoGenerator] sequence-based id generator; use org.hibernate.id.enhanced.SequenceStyleGenerator instead.  See Hibernate Domain Model Mapping Guide for details.
2017-12-30 15:52:23 [restartedMain] INFO  o.h.tool.hbm2ddl.SchemaUpdate - HHH000228: Running hbm2ddl schema update
2017-12-30 15:52:23 [restartedMain] INFO  o.s.o.j.LocalContainerEntityManagerFactoryBean - Initialized JPA EntityManagerFactory for persistence unit 'default'
2017-12-30 15:52:23 [restartedMain] INFO  o.s.w.s.m.m.a.RequestMappingHandlerAdapter - Looking for @ControllerAdvice: org.springframework.boot.context.embedded.AnnotationConfigEmbeddedWebApplicationContext@209cf500: startup date [Sat Dec 30 15:52:20 GMT+01:00 2017]; root of context hierarchy
2017-12-30 15:52:23 [restartedMain] INFO  o.s.w.s.m.m.a.RequestMappingHandlerMapping - Mapped "{[/cars]}" onto public java.lang.String org.gl3.rentos.controller.CarController.listCar(org.gl3.rentos.model.Car,org.springframework.ui.Model,javax.servlet.http.HttpSession)
2017-12-30 15:52:23 [restartedMain] INFO  o.s.w.s.m.m.a.RequestMappingHandlerMapping - Mapped "{[/cars/{id}]}" onto public java.lang.String org.gl3.rentos.controller.CarController.editCarInfo(int,org.springframework.ui.Model,javax.servlet.http.HttpSession)
2017-12-30 15:52:23 [restartedMain] INFO  o.s.w.s.m.m.a.RequestMappingHandlerMapping - Mapped "{[/cars/add]}" onto public java.lang.String org.gl3.rentos.controller.CarController.addCar(javax.servlet.http.HttpSession)
2017-12-30 15:52:23 [restartedMain] INFO  o.s.w.s.m.m.a.RequestMappingHandlerMapping - Mapped "{[/cars],methods=[POST]}" onto public java.lang.String org.gl3.rentos.controller.CarController.saveCar(javax.servlet.http.HttpSession,org.gl3.rentos.model.Car,org.springframework.web.multipart.MultipartFile,org.springframework.web.servlet.mvc.support.RedirectAttributes)
2017-12-30 15:52:23 [restartedMain] INFO  o.s.w.s.m.m.a.RequestMappingHandlerMapping - Mapped "{[/]}" onto public java.lang.String org.gl3.rentos.controller.MainController.home()
2017-12-30 15:52:23 [restartedMain] INFO  o.s.w.s.m.m.a.RequestMappingHandlerMapping - Mapped "{[/availablecars],methods=[POST]}" onto public java.lang.String org.gl3.rentos.controller.RentController.searchAvailable(org.gl3.rentos.model.Rent,org.springframework.ui.Model,javax.servlet.http.HttpSession)
2017-12-30 15:52:23 [restartedMain] INFO  o.s.w.s.m.m.a.RequestMappingHandlerMapping - Mapped "{[/rent/{id}],methods=[GET]}" onto public java.lang.String org.gl3.rentos.controller.RentController.rent(int,org.springframework.ui.Model,javax.servlet.http.HttpSession)
2017-12-30 15:52:23 [restartedMain] INFO  o.s.w.s.m.m.a.RequestMappingHandlerMapping - Mapped "{[/signup]}" onto public java.lang.String org.gl3.rentos.controller.UserController.signUp(org.springframework.ui.Model)
2017-12-30 15:52:23 [restartedMain] INFO  o.s.w.s.m.m.a.RequestMappingHandlerMapping - Mapped "{[/users/{id}]}" onto public java.lang.String org.gl3.rentos.controller.UserController.editUser(int,org.springframework.ui.Model)
2017-12-30 15:52:23 [restartedMain] INFO  o.s.w.s.m.m.a.RequestMappingHandlerMapping - Mapped "{[/signin],methods=[POST]}" onto public java.lang.String org.gl3.rentos.controller.UserController.validSignIn(org.gl3.rentos.model.User,org.springframework.ui.Model,javax.servlet.http.HttpSession)
2017-12-30 15:52:23 [restartedMain] INFO  o.s.w.s.m.m.a.RequestMappingHandlerMapping - Mapped "{[/signin]}" onto public java.lang.String org.gl3.rentos.controller.UserController.signin(org.springframework.ui.Model,javax.servlet.http.HttpSession)
2017-12-30 15:52:23 [restartedMain] INFO  o.s.w.s.m.m.a.RequestMappingHandlerMapping - Mapped "{[/signup],methods=[POST]}" onto public java.lang.String org.gl3.rentos.controller.UserController.addUser(org.gl3.rentos.model.User,org.springframework.ui.Model)
2017-12-30 15:52:23 [restartedMain] INFO  o.s.w.s.m.m.a.RequestMappingHandlerMapping - Mapped "{[/error]}" onto public org.springframework.http.ResponseEntity<java.util.Map<java.lang.String, java.lang.Object>> org.springframework.boot.autoconfigure.web.BasicErrorController.error(javax.servlet.http.HttpServletRequest)
2017-12-30 15:52:23 [restartedMain] INFO  o.s.w.s.m.m.a.RequestMappingHandlerMapping - Mapped "{[/error],produces=[text/html]}" onto public org.springframework.web.servlet.ModelAndView org.springframework.boot.autoconfigure.web.BasicErrorController.errorHtml(javax.servlet.http.HttpServletRequest,javax.servlet.http.HttpServletResponse)
2017-12-30 15:52:24 [restartedMain] INFO  o.s.w.s.h.SimpleUrlHandlerMapping - Mapped URL path [/webjars/**] onto handler of type [class org.springframework.web.servlet.resource.ResourceHttpRequestHandler]
2017-12-30 15:52:24 [restartedMain] INFO  o.s.w.s.h.SimpleUrlHandlerMapping - Mapped URL path [/**] onto handler of type [class org.springframework.web.servlet.resource.ResourceHttpRequestHandler]
2017-12-30 15:52:24 [restartedMain] INFO  o.s.w.s.h.SimpleUrlHandlerMapping - Mapped URL path [/**/favicon.ico] onto handler of type [class org.springframework.web.servlet.resource.ResourceHttpRequestHandler]
2017-12-30 15:52:24 [restartedMain] INFO  o.s.b.d.a.OptionalLiveReloadServer - LiveReload server is running on port 35729
2017-12-30 15:52:24 [restartedMain] INFO  o.s.j.e.a.AnnotationMBeanExporter - Registering beans for JMX exposure on startup
2017-12-30 15:52:24 [restartedMain] INFO  o.s.b.c.e.t.TomcatEmbeddedServletContainer - Tomcat started on port(s): 8080 (http)
2017-12-30 15:52:24 [restartedMain] INFO  org.gl3.rentos.RentosApplication - Started RentosApplication in 4.491 seconds (JVM running for 5.34)
2017-12-30 15:52:31 [http-nio-8080-exec-1] INFO  o.a.c.c.C.[Tomcat].[localhost].[/] - Initializing Spring FrameworkServlet 'dispatcherServlet'
2017-12-30 15:52:31 [http-nio-8080-exec-1] INFO  o.s.web.servlet.DispatcherServlet - FrameworkServlet 'dispatcherServlet': initialization started
2017-12-30 15:52:31 [http-nio-8080-exec-1] INFO  o.s.web.servlet.DispatcherServlet - FrameworkServlet 'dispatcherServlet': initialization completed in 16 ms
2017-12-30 15:52:31 [http-nio-8080-exec-1] ERROR o.a.c.c.C.[.[.[.[dispatcherServlet] - Servlet.service() for servlet [dispatcherServlet] in context with path [] threw exception [Request processing failed; nested exception is java.lang.NullPointerException] with root cause
java.lang.NullPointerException: null
	at org.gl3.rentos.controller.CarController.addCar(CarController.java:85)
	at sun.reflect.NativeMethodAccessorImpl.invoke0(Native Method)
	at sun.reflect.NativeMethodAccessorImpl.invoke(NativeMethodAccessorImpl.java:62)
	at sun.reflect.DelegatingMethodAccessorImpl.invoke(DelegatingMethodAccessorImpl.java:43)
	at java.lang.reflect.Method.invoke(Method.java:498)
	at org.springframework.web.method.support.InvocableHandlerMethod.doInvoke(InvocableHandlerMethod.java:205)
	at org.springframework.web.method.support.InvocableHandlerMethod.invokeForRequest(InvocableHandlerMethod.java:133)
	at org.springframework.web.servlet.mvc.method.annotation.ServletInvocableHandlerMethod.invokeAndHandle(ServletInvocableHandlerMethod.java:97)
	at org.springframework.web.servlet.mvc.method.annotation.RequestMappingHandlerAdapter.invokeHandlerMethod(RequestMappingHandlerAdapter.java:827)
	at org.springframework.web.servlet.mvc.method.annotation.RequestMappingHandlerAdapter.handleInternal(RequestMappingHandlerAdapter.java:738)
	at org.springframework.web.servlet.mvc.method.AbstractHandlerMethodAdapter.handle(AbstractHandlerMethodAdapter.java:85)
	at org.springframework.web.servlet.DispatcherServlet.doDispatch(DispatcherServlet.java:967)
	at org.springframework.web.servlet.DispatcherServlet.doService(DispatcherServlet.java:901)
	at org.springframework.web.servlet.FrameworkServlet.processRequest(FrameworkServlet.java:970)
	at org.springframework.web.servlet.FrameworkServlet.doGet(FrameworkServlet.java:861)
	at javax.servlet.http.HttpServlet.service(HttpServlet.java:635)
	at org.springframework.web.servlet.FrameworkServlet.service(FrameworkServlet.java:846)
	at javax.servlet.http.HttpServlet.service(HttpServlet.java:742)
	at org.apache.catalina.core.ApplicationFilterChain.internalDoFilter(ApplicationFilterChain.java:231)
	at org.apache.catalina.core.ApplicationFilterChain.doFilter(ApplicationFilterChain.java:166)
	at org.apache.tomcat.websocket.server.WsFilter.doFilter(WsFilter.java:52)
	at org.apache.catalina.core.ApplicationFilterChain.internalDoFilter(ApplicationFilterChain.java:193)
	at org.apache.catalina.core.ApplicationFilterChain.doFilter(ApplicationFilterChain.java:166)
	at org.springframework.web.filter.RequestContextFilter.doFilterInternal(RequestContextFilter.java:99)
	at org.springframework.web.filter.OncePerRequestFilter.doFilter(OncePerRequestFilter.java:107)
	at org.apache.catalina.core.ApplicationFilterChain.internalDoFilter(ApplicationFilterChain.java:193)
	at org.apache.catalina.core.ApplicationFilterChain.doFilter(ApplicationFilterChain.java:166)
	at org.springframework.web.filter.HttpPutFormContentFilter.doFilterInternal(HttpPutFormContentFilter.java:108)
	at org.springframework.web.filter.OncePerRequestFilter.doFilter(OncePerRequestFilter.java:107)
	at org.apache.catalina.core.ApplicationFilterChain.internalDoFilter(ApplicationFilterChain.java:193)
	at org.apache.catalina.core.ApplicationFilterChain.doFilter(ApplicationFilterChain.java:166)
	at org.springframework.web.filter.HiddenHttpMethodFilter.doFilterInternal(HiddenHttpMethodFilter.java:81)
	at org.springframework.web.filter.OncePerRequestFilter.doFilter(OncePerRequestFilter.java:107)
	at org.apache.catalina.core.ApplicationFilterChain.internalDoFilter(ApplicationFilterChain.java:193)
	at org.apache.catalina.core.ApplicationFilterChain.doFilter(ApplicationFilterChain.java:166)
	at org.springframework.web.filter.CharacterEncodingFilter.doFilterInternal(CharacterEncodingFilter.java:197)
	at org.springframework.web.filter.OncePerRequestFilter.doFilter(OncePerRequestFilter.java:107)
	at org.apache.catalina.core.ApplicationFilterChain.internalDoFilter(ApplicationFilterChain.java:193)
	at org.apache.catalina.core.ApplicationFilterChain.doFilter(ApplicationFilterChain.java:166)
	at org.apache.catalina.core.StandardWrapperValve.invoke(StandardWrapperValve.java:199)
	at org.apache.catalina.core.StandardContextValve.invoke(StandardContextValve.java:96)
	at org.apache.catalina.authenticator.AuthenticatorBase.invoke(AuthenticatorBase.java:478)
	at org.apache.catalina.core.StandardHostValve.invoke(StandardHostValve.java:140)
	at org.apache.catalina.valves.ErrorReportValve.invoke(ErrorReportValve.java:81)
	at org.apache.catalina.core.StandardEngineValve.invoke(StandardEngineValve.java:87)
	at org.apache.catalina.connector.CoyoteAdapter.service(CoyoteAdapter.java:342)
	at org.apache.coyote.http11.Http11Processor.service(Http11Processor.java:803)
	at org.apache.coyote.AbstractProcessorLight.process(AbstractProcessorLight.java:66)
	at org.apache.coyote.AbstractProtocol$ConnectionHandler.process(AbstractProtocol.java:868)
	at org.apache.tomcat.util.net.NioEndpoint$SocketProcessor.doRun(NioEndpoint.java:1459)
	at org.apache.tomcat.util.net.SocketProcessorBase.run(SocketProcessorBase.java:49)
	at java.util.concurrent.ThreadPoolExecutor.runWorker(ThreadPoolExecutor.java:1149)
	at java.util.concurrent.ThreadPoolExecutor$Worker.run(ThreadPoolExecutor.java:624)
	at org.apache.tomcat.util.threads.TaskThread$WrappingRunnable.run(TaskThread.java:61)
	at java.lang.Thread.run(Thread.java:748)
2017-12-31 13:50:52 [http-nio-8080-exec-7] WARN  error - No car photo uploaded. Using default picture instead.
2017-12-31 13:54:17 [http-nio-8080-exec-5] WARN  error - No car photo uploaded. Using default picture instead.
2017-12-31 13:56:31 [http-nio-8080-exec-3] WARN  error - No car photo uploaded. Using default picture instead.
2017-12-31 14:04:41 [http-nio-8080-exec-6] WARN  error - No car photo uploaded. Using default picture instead.
2017-12-31 14:06:33 [http-nio-8080-exec-9] WARN  error - No car photo uploaded. Using default picture instead.
2017-12-31 14:07:29 [http-nio-8080-exec-8] WARN  error - No car photo uploaded. Using default picture instead.
2017-12-31 14:18:07 [http-nio-8080-exec-5] WARN  error - No car photo uploaded. Using default picture instead.
2017-12-31 14:18:26 [http-nio-8080-exec-5] WARN  error - No car photo uploaded. Using default picture instead.
2017-12-31 14:23:56 [http-nio-8080-exec-7] WARN  error - No car photo uploaded. Using default picture instead.
2018-01-24 10:15:35 [http-nio-8080-exec-3] WARN  error - No car photo uploaded. Using default picture instead.
2018-01-24 10:15:49 [http-nio-8080-exec-3] WARN  error - No car photo uploaded. Using default picture instead.
2018-01-24 20:45:25 [http-nio-8080-exec-3] ERROR error - User attempted to sign in with invalid password.
2018-01-24 20:45:42 [http-nio-8080-exec-6] ERROR error - User attempted to sign in with invalid email.
