2017-12-30 15:48:01 [http-nio-8080-exec-2] INFO  info - Access to /cars denied: user not logged in.
2017-12-31 13:36:20 [http-nio-8080-exec-5] INFO  info - Access to /cars denied: user not logged in.
2017-12-31 13:37:08 [http-nio-8080-exec-7] INFO  info - User achref signed in.
2017-12-31 13:37:15 [http-nio-8080-exec-10] INFO  info - Access to /cars granted to administrator achref
2017-12-31 13:43:41 [http-nio-8080-exec-1] INFO  info - Access to /cars denied: user not logged in.
2017-12-31 13:43:58 [http-nio-8080-exec-2] INFO  info - User achref signed in.
2017-12-31 13:44:05 [http-nio-8080-exec-7] INFO  info - Access to /cars granted to administrator achref
2017-12-31 13:44:07 [http-nio-8080-exec-2] INFO  info - Access to /cars/2010 granted to administrator 
2017-12-31 13:44:21 [http-nio-8080-exec-3] INFO  info - Access to /cars granted to administrator achref
2017-12-31 13:46:08 [http-nio-8080-exec-1] INFO  info - Access to /cars denied: user not logged in.
2017-12-31 13:46:17 [http-nio-8080-exec-9] INFO  info - User achref signed in.
2017-12-31 13:46:23 [http-nio-8080-exec-10] INFO  info - Access to /cars granted to administrator achref
2017-12-31 13:46:26 [http-nio-8080-exec-4] INFO  info - Access to /cars/2011 granted to administrator 
2017-12-31 13:48:14 [http-nio-8080-exec-5] INFO  info - User achref signed in.
2017-12-31 13:48:18 [http-nio-8080-exec-7] INFO  info - Access to /cars granted to administrator achref
2017-12-31 13:48:56 [http-nio-8080-exec-1] INFO  info - Access to /cars granted to administrator achref
2017-12-31 13:49:19 [http-nio-8080-exec-1] INFO  info - Access to /cars denied: user not logged in.
2017-12-31 13:49:28 [http-nio-8080-exec-10] INFO  info - User achref signed in.
2017-12-31 13:49:32 [http-nio-8080-exec-8] INFO  info - Access to /cars granted to administrator achref
2017-12-31 13:50:32 [http-nio-8080-exec-9] INFO  info - Access to /cars granted to administrator achref
2017-12-31 13:50:38 [http-nio-8080-exec-4] INFO  info - Access to /cars/add granted to administrator 
2017-12-31 13:50:52 [http-nio-8080-exec-7] INFO  info - Access to /cars granted to administrator achref
2017-12-31 13:51:34 [http-nio-8080-exec-5] INFO  info - Access to /cars granted to administrator achref
2017-12-31 13:53:44 [http-nio-8080-exec-7] INFO  info - User achref signed in.
2017-12-31 13:53:48 [http-nio-8080-exec-4] INFO  info - Access to /cars granted to administrator achref
2017-12-31 13:53:53 [http-nio-8080-exec-1] INFO  info - Access to /cars/add granted to administrator 
2017-12-31 13:54:17 [http-nio-8080-exec-5] INFO  info - Access to /cars granted to administrator achref
2017-12-31 13:56:06 [http-nio-8080-exec-10] INFO  info - User achref signed in.
2017-12-31 13:56:09 [http-nio-8080-exec-4] INFO  info - Access to /cars granted to administrator achref
2017-12-31 13:56:16 [http-nio-8080-exec-1] INFO  info - Access to /cars/add granted to administrator 
2017-12-31 13:56:31 [http-nio-8080-exec-3] INFO  info - Access to /cars granted to administrator achref
2017-12-31 14:04:11 [http-nio-8080-exec-9] INFO  info - User achref signed in.
2017-12-31 14:04:20 [http-nio-8080-exec-2] INFO  info - Access to /cars granted to administrator achref
2017-12-31 14:04:23 [http-nio-8080-exec-8] INFO  info - Access to /cars/add granted to administrator 
2017-12-31 14:04:41 [http-nio-8080-exec-6] INFO  info - Access to /cars granted to administrator achref
2017-12-31 14:05:31 [http-nio-8080-exec-7] INFO  info - User achref signed in.
2017-12-31 14:05:44 [http-nio-8080-exec-4] INFO  info - Access to /cars granted to administrator achref
2017-12-31 14:05:50 [http-nio-8080-exec-8] INFO  info - Access to /cars/add granted to administrator 
2017-12-31 14:06:33 [http-nio-8080-exec-9] INFO  info - Access to /cars granted to administrator achref
2017-12-31 14:06:36 [http-nio-8080-exec-5] INFO  info - Access to /cars granted to administrator achref
2017-12-31 14:06:57 [http-nio-8080-exec-9] INFO  info - Access to /cars/add granted to administrator 
2017-12-31 14:07:29 [http-nio-8080-exec-8] INFO  info - Access to /cars granted to administrator achref
2017-12-31 14:07:43 [http-nio-8080-exec-3] INFO  info - Access to /cars denied: user not logged in.
2017-12-31 14:07:49 [http-nio-8080-exec-6] INFO  info - Access to /cars denied: user not logged in.
2017-12-31 14:17:34 [http-nio-8080-exec-7] INFO  info - User achref signed in.
2017-12-31 14:17:42 [http-nio-8080-exec-4] INFO  info - Access to /cars granted to administrator achref
2017-12-31 14:17:45 [http-nio-8080-exec-9] INFO  info - Access to /cars/add granted to administrator 
2017-12-31 14:18:07 [http-nio-8080-exec-5] INFO  info - Access to /cars granted to administrator achref
2017-12-31 14:18:14 [http-nio-8080-exec-1] INFO  info - Access to /cars/3060 granted to administrator 
2017-12-31 14:18:26 [http-nio-8080-exec-5] INFO  info - Access to /cars granted to administrator achref
2017-12-31 14:18:30 [http-nio-8080-exec-1] INFO  info - Car 3060 deleted
2017-12-31 14:18:30 [http-nio-8080-exec-3] INFO  info - Access to /cars granted to administrator achref
2017-12-31 14:23:20 [http-nio-8080-exec-2] INFO  info - User achref signed in.
2017-12-31 14:23:43 [http-nio-8080-exec-7] INFO  info - Access to /cars granted to administrator achref
2017-12-31 14:23:45 [http-nio-8080-exec-10] INFO  info - Access to /cars/add granted to administrator 
2017-12-31 14:23:56 [http-nio-8080-exec-7] INFO  info - Access to /cars granted to administrator achref
2017-12-31 14:25:18 [http-nio-8080-exec-5] INFO  info - Access to /cars denied: user not logged in.
