2017-12-30 13:34:39.138  INFO 14312 --- [restartedMain] org.gl3.rentos.RentosApplication         : Starting RentosApplication on Haouech-Laptop with PID 14312 (Z:\Career\Projects\rentos\carrent\target\classes started by haoue in Z:\Career\Projects\rentos\carrent)
2017-12-30 13:34:39.139  INFO 14312 --- [restartedMain] org.gl3.rentos.RentosApplication         : No active profile set, falling back to default profiles: default
2017-12-30 13:34:39.481  INFO 14312 --- [restartedMain] ationConfigEmbeddedWebApplicationContext : Refreshing org.springframework.boot.context.embedded.AnnotationConfigEmbeddedWebApplicationContext@5bc47f8a: startup date [Sat Dec 30 13:34:39 GMT+01:00 2017]; root of context hierarchy
2017-12-30 13:34:40.833  INFO 14312 --- [restartedMain] s.b.c.e.t.TomcatEmbeddedServletContainer : Tomcat initialized with port(s): 8080 (http)
2017-12-30 13:34:40.833  INFO 14312 --- [restartedMain] o.apache.catalina.core.StandardService   : Starting service [Tomcat]
2017-12-30 13:34:40.833  INFO 14312 --- [restartedMain] org.apache.catalina.core.StandardEngine  : Starting Servlet Engine: Apache Tomcat/8.5.23
2017-12-30 13:34:40.902  INFO 14312 --- [localhost-startStop-1] o.a.c.c.C.[Tomcat].[localhost].[/]       : Initializing Spring embedded WebApplicationContext
2017-12-30 13:34:40.902  INFO 14312 --- [localhost-startStop-1] o.s.web.context.ContextLoader            : Root WebApplicationContext: initialization completed in 1424 ms
2017-12-30 13:34:41.003  INFO 14312 --- [localhost-startStop-1] o.s.b.w.servlet.ServletRegistrationBean  : Mapping servlet: 'dispatcherServlet' to [/]
2017-12-30 13:34:41.003  INFO 14312 --- [localhost-startStop-1] o.s.b.w.servlet.FilterRegistrationBean   : Mapping filter: 'characterEncodingFilter' to: [/*]
2017-12-30 13:34:41.003  INFO 14312 --- [localhost-startStop-1] o.s.b.w.servlet.FilterRegistrationBean   : Mapping filter: 'hiddenHttpMethodFilter' to: [/*]
2017-12-30 13:34:41.003  INFO 14312 --- [localhost-startStop-1] o.s.b.w.servlet.FilterRegistrationBean   : Mapping filter: 'httpPutFormContentFilter' to: [/*]
2017-12-30 13:34:41.003  INFO 14312 --- [localhost-startStop-1] o.s.b.w.servlet.FilterRegistrationBean   : Mapping filter: 'requestContextFilter' to: [/*]
2017-12-30 13:34:41.319  INFO 14312 --- [restartedMain] j.LocalContainerEntityManagerFactoryBean : Building JPA container EntityManagerFactory for persistence unit 'default'
2017-12-30 13:34:41.334  INFO 14312 --- [restartedMain] o.hibernate.jpa.internal.util.LogHelper  : HHH000204: Processing PersistenceUnitInfo [
	name: default
	...]
2017-12-30 13:34:41.372  INFO 14312 --- [restartedMain] org.hibernate.Version                    : HHH000412: Hibernate Core {5.0.12.Final}
2017-12-30 13:34:41.372  INFO 14312 --- [restartedMain] org.hibernate.cfg.Environment            : HHH000206: hibernate.properties not found
2017-12-30 13:34:41.372  INFO 14312 --- [restartedMain] org.hibernate.cfg.Environment            : HHH000021: Bytecode provider name : javassist
2017-12-30 13:34:41.403  INFO 14312 --- [restartedMain] o.hibernate.annotations.common.Version   : HCANN000001: Hibernate Commons Annotations {5.0.1.Final}
2017-12-30 13:34:41.472  INFO 14312 --- [restartedMain] org.hibernate.dialect.Dialect            : HHH000400: Using dialect: org.hibernate.dialect.DerbyDialect
2017-12-30 13:34:41.472  WARN 14312 --- [restartedMain] org.hibernate.dialect.DerbyDialect       : HHH000430: The DerbyDialect dialect has been deprecated; use one of the version-specific dialects instead
2017-12-30 13:34:41.703  WARN 14312 --- [restartedMain] org.hibernate.orm.deprecation            : HHH90000014: Found use of deprecated [org.hibernate.id.SequenceHiLoGenerator] sequence-based id generator; use org.hibernate.id.enhanced.SequenceStyleGenerator instead.  See Hibernate Domain Model Mapping Guide for details.
2017-12-30 13:34:41.719  WARN 14312 --- [restartedMain] org.hibernate.orm.deprecation            : HHH90000014: Found use of deprecated [org.hibernate.id.SequenceHiLoGenerator] sequence-based id generator; use org.hibernate.id.enhanced.SequenceStyleGenerator instead.  See Hibernate Domain Model Mapping Guide for details.
2017-12-30 13:34:41.719  WARN 14312 --- [restartedMain] org.hibernate.orm.deprecation            : HHH90000014: Found use of deprecated [org.hibernate.id.SequenceHiLoGenerator] sequence-based id generator; use org.hibernate.id.enhanced.SequenceStyleGenerator instead.  See Hibernate Domain Model Mapping Guide for details.
2017-12-30 13:34:41.870  INFO 14312 --- [restartedMain] org.hibernate.tool.hbm2ddl.SchemaUpdate  : HHH000228: Running hbm2ddl schema update
2017-12-30 13:34:42.020  INFO 14312 --- [restartedMain] j.LocalContainerEntityManagerFactoryBean : Initialized JPA EntityManagerFactory for persistence unit 'default'
2017-12-30 13:34:42.435  INFO 14312 --- [restartedMain] s.w.s.m.m.a.RequestMappingHandlerAdapter : Looking for @ControllerAdvice: org.springframework.boot.context.embedded.AnnotationConfigEmbeddedWebApplicationContext@5bc47f8a: startup date [Sat Dec 30 13:34:39 GMT+01:00 2017]; root of context hierarchy
2017-12-30 13:34:42.472  INFO 14312 --- [restartedMain] s.w.s.m.m.a.RequestMappingHandlerMapping : Mapped "{[/cars/{id}]}" onto public java.lang.String org.gl3.rentos.controller.CarController.editCarInfo(int,org.springframework.ui.Model,javax.servlet.http.HttpSession)
2017-12-30 13:34:42.472  INFO 14312 --- [restartedMain] s.w.s.m.m.a.RequestMappingHandlerMapping : Mapped "{[/cars/add]}" onto public java.lang.String org.gl3.rentos.controller.CarController.addCar(javax.servlet.http.HttpSession)
2017-12-30 13:34:42.472  INFO 14312 --- [restartedMain] s.w.s.m.m.a.RequestMappingHandlerMapping : Mapped "{[/cars]}" onto public java.lang.String org.gl3.rentos.controller.CarController.listCar(org.gl3.rentos.model.Car,org.springframework.ui.Model,javax.servlet.http.HttpSession)
2017-12-30 13:34:42.472  INFO 14312 --- [restartedMain] s.w.s.m.m.a.RequestMappingHandlerMapping : Mapped "{[/cars],methods=[POST]}" onto public java.lang.String org.gl3.rentos.controller.CarController.saveCar(javax.servlet.http.HttpSession,org.gl3.rentos.model.Car,org.springframework.web.multipart.MultipartFile,org.springframework.web.servlet.mvc.support.RedirectAttributes)
2017-12-30 13:34:42.472  INFO 14312 --- [restartedMain] s.w.s.m.m.a.RequestMappingHandlerMapping : Mapped "{[/]}" onto public java.lang.String org.gl3.rentos.controller.MainController.home()
2017-12-30 13:34:42.472  INFO 14312 --- [restartedMain] s.w.s.m.m.a.RequestMappingHandlerMapping : Mapped "{[/availablecars],methods=[POST]}" onto public java.lang.String org.gl3.rentos.controller.RentController.searchAvailable(org.gl3.rentos.model.Rent,org.springframework.ui.Model,javax.servlet.http.HttpSession)
2017-12-30 13:34:42.472  INFO 14312 --- [restartedMain] s.w.s.m.m.a.RequestMappingHandlerMapping : Mapped "{[/rent/{id}],methods=[GET]}" onto public java.lang.String org.gl3.rentos.controller.RentController.rent(int,org.springframework.ui.Model,javax.servlet.http.HttpSession)
2017-12-30 13:34:42.488  INFO 14312 --- [restartedMain] s.w.s.m.m.a.RequestMappingHandlerMapping : Mapped "{[/signup],methods=[POST]}" onto public java.lang.String org.gl3.rentos.controller.UserController.addUser(org.gl3.rentos.model.User,org.springframework.ui.Model)
2017-12-30 13:34:42.488  INFO 14312 --- [restartedMain] s.w.s.m.m.a.RequestMappingHandlerMapping : Mapped "{[/users/{id}]}" onto public java.lang.String org.gl3.rentos.controller.UserController.editUser(int,org.springframework.ui.Model)
2017-12-30 13:34:42.488  INFO 14312 --- [restartedMain] s.w.s.m.m.a.RequestMappingHandlerMapping : Mapped "{[/signin],methods=[POST]}" onto public java.lang.String org.gl3.rentos.controller.UserController.validSignIn(org.gl3.rentos.model.User,org.springframework.ui.Model,javax.servlet.http.HttpSession)
2017-12-30 13:34:42.488  INFO 14312 --- [restartedMain] s.w.s.m.m.a.RequestMappingHandlerMapping : Mapped "{[/signin]}" onto public java.lang.String org.gl3.rentos.controller.UserController.signin(org.springframework.ui.Model,javax.servlet.http.HttpSession)
2017-12-30 13:34:42.488  INFO 14312 --- [restartedMain] s.w.s.m.m.a.RequestMappingHandlerMapping : Mapped "{[/signup]}" onto public java.lang.String org.gl3.rentos.controller.UserController.signUp(org.springframework.ui.Model)
2017-12-30 13:34:42.488  INFO 14312 --- [restartedMain] s.w.s.m.m.a.RequestMappingHandlerMapping : Mapped "{[/error]}" onto public org.springframework.http.ResponseEntity<java.util.Map<java.lang.String, java.lang.Object>> org.springframework.boot.autoconfigure.web.BasicErrorController.error(javax.servlet.http.HttpServletRequest)
2017-12-30 13:34:42.488  INFO 14312 --- [restartedMain] s.w.s.m.m.a.RequestMappingHandlerMapping : Mapped "{[/error],produces=[text/html]}" onto public org.springframework.web.servlet.ModelAndView org.springframework.boot.autoconfigure.web.BasicErrorController.errorHtml(javax.servlet.http.HttpServletRequest,javax.servlet.http.HttpServletResponse)
2017-12-30 13:34:42.503  INFO 14312 --- [restartedMain] o.s.w.s.handler.SimpleUrlHandlerMapping  : Mapped URL path [/webjars/**] onto handler of type [class org.springframework.web.servlet.resource.ResourceHttpRequestHandler]
2017-12-30 13:34:42.503  INFO 14312 --- [restartedMain] o.s.w.s.handler.SimpleUrlHandlerMapping  : Mapped URL path [/**] onto handler of type [class org.springframework.web.servlet.resource.ResourceHttpRequestHandler]
2017-12-30 13:34:42.535  INFO 14312 --- [restartedMain] o.s.w.s.handler.SimpleUrlHandlerMapping  : Mapped URL path [/**/favicon.ico] onto handler of type [class org.springframework.web.servlet.resource.ResourceHttpRequestHandler]
2017-12-30 13:34:42.951  INFO 14312 --- [restartedMain] o.s.b.d.a.OptionalLiveReloadServer       : LiveReload server is running on port 35729
2017-12-30 13:34:42.988  INFO 14312 --- [restartedMain] o.s.j.e.a.AnnotationMBeanExporter        : Registering beans for JMX exposure on startup
2017-12-30 13:34:43.019  INFO 14312 --- [restartedMain] s.b.c.e.t.TomcatEmbeddedServletContainer : Tomcat started on port(s): 8080 (http)
2017-12-30 13:34:43.035  INFO 14312 --- [restartedMain] org.gl3.rentos.RentosApplication         : Started RentosApplication in 4.236 seconds (JVM running for 5.058)
2017-12-30 14:43:09.408  INFO 14572 --- [restartedMain] org.gl3.rentos.RentosApplication         : Starting RentosApplication on Haouech-Laptop with PID 14572 (Z:\Career\Projects\rentos\carrent\target\classes started by haoue in Z:\Career\Projects\rentos\carrent)
2017-12-30 14:43:09.408  INFO 14572 --- [restartedMain] org.gl3.rentos.RentosApplication         : No active profile set, falling back to default profiles: default
2017-12-30 14:43:09.733  INFO 14572 --- [restartedMain] ationConfigEmbeddedWebApplicationContext : Refreshing org.springframework.boot.context.embedded.AnnotationConfigEmbeddedWebApplicationContext@7ba097d3: startup date [Sat Dec 30 14:43:09 GMT+01:00 2017]; root of context hierarchy
2017-12-30 14:43:11.235  INFO 14572 --- [restartedMain] s.b.c.e.t.TomcatEmbeddedServletContainer : Tomcat initialized with port(s): 8080 (http)
2017-12-30 14:43:11.242  INFO 14572 --- [restartedMain] o.apache.catalina.core.StandardService   : Starting service [Tomcat]
2017-12-30 14:43:11.243  INFO 14572 --- [restartedMain] org.apache.catalina.core.StandardEngine  : Starting Servlet Engine: Apache Tomcat/8.5.23
2017-12-30 14:43:11.319  INFO 14572 --- [localhost-startStop-1] o.a.c.c.C.[Tomcat].[localhost].[/]       : Initializing Spring embedded WebApplicationContext
2017-12-30 14:43:11.319  INFO 14572 --- [localhost-startStop-1] o.s.web.context.ContextLoader            : Root WebApplicationContext: initialization completed in 1589 ms
2017-12-30 14:43:11.453  INFO 14572 --- [localhost-startStop-1] o.s.b.w.servlet.ServletRegistrationBean  : Mapping servlet: 'dispatcherServlet' to [/]
2017-12-30 14:43:11.457  INFO 14572 --- [localhost-startStop-1] o.s.b.w.servlet.FilterRegistrationBean   : Mapping filter: 'characterEncodingFilter' to: [/*]
2017-12-30 14:43:11.458  INFO 14572 --- [localhost-startStop-1] o.s.b.w.servlet.FilterRegistrationBean   : Mapping filter: 'hiddenHttpMethodFilter' to: [/*]
2017-12-30 14:43:11.458  INFO 14572 --- [localhost-startStop-1] o.s.b.w.servlet.FilterRegistrationBean   : Mapping filter: 'httpPutFormContentFilter' to: [/*]
2017-12-30 14:43:11.458  INFO 14572 --- [localhost-startStop-1] o.s.b.w.servlet.FilterRegistrationBean   : Mapping filter: 'requestContextFilter' to: [/*]
2017-12-30 14:43:11.951  INFO 14572 --- [restartedMain] j.LocalContainerEntityManagerFactoryBean : Building JPA container EntityManagerFactory for persistence unit 'default'
2017-12-30 14:43:11.961  INFO 14572 --- [restartedMain] o.hibernate.jpa.internal.util.LogHelper  : HHH000204: Processing PersistenceUnitInfo [
	name: default
	...]
2017-12-30 14:43:12.016  INFO 14572 --- [restartedMain] org.hibernate.Version                    : HHH000412: Hibernate Core {5.0.12.Final}
2017-12-30 14:43:12.017  INFO 14572 --- [restartedMain] org.hibernate.cfg.Environment            : HHH000206: hibernate.properties not found
2017-12-30 14:43:12.018  INFO 14572 --- [restartedMain] org.hibernate.cfg.Environment            : HHH000021: Bytecode provider name : javassist
2017-12-30 14:43:12.060  INFO 14572 --- [restartedMain] o.hibernate.annotations.common.Version   : HCANN000001: Hibernate Commons Annotations {5.0.1.Final}
2017-12-30 14:43:12.139  INFO 14572 --- [restartedMain] org.hibernate.dialect.Dialect            : HHH000400: Using dialect: org.hibernate.dialect.DerbyDialect
2017-12-30 14:43:12.145  WARN 14572 --- [restartedMain] org.hibernate.dialect.DerbyDialect       : HHH000430: The DerbyDialect dialect has been deprecated; use one of the version-specific dialects instead
2017-12-30 14:43:12.391  WARN 14572 --- [restartedMain] org.hibernate.orm.deprecation            : HHH90000014: Found use of deprecated [org.hibernate.id.SequenceHiLoGenerator] sequence-based id generator; use org.hibernate.id.enhanced.SequenceStyleGenerator instead.  See Hibernate Domain Model Mapping Guide for details.
2017-12-30 14:43:12.394  WARN 14572 --- [restartedMain] org.hibernate.orm.deprecation            : HHH90000014: Found use of deprecated [org.hibernate.id.SequenceHiLoGenerator] sequence-based id generator; use org.hibernate.id.enhanced.SequenceStyleGenerator instead.  See Hibernate Domain Model Mapping Guide for details.
2017-12-30 14:43:12.394  WARN 14572 --- [restartedMain] org.hibernate.orm.deprecation            : HHH90000014: Found use of deprecated [org.hibernate.id.SequenceHiLoGenerator] sequence-based id generator; use org.hibernate.id.enhanced.SequenceStyleGenerator instead.  See Hibernate Domain Model Mapping Guide for details.
2017-12-30 14:43:12.559  INFO 14572 --- [restartedMain] org.hibernate.tool.hbm2ddl.SchemaUpdate  : HHH000228: Running hbm2ddl schema update
2017-12-30 14:43:12.723  INFO 14572 --- [restartedMain] j.LocalContainerEntityManagerFactoryBean : Initialized JPA EntityManagerFactory for persistence unit 'default'
2017-12-30 14:43:13.164  INFO 14572 --- [restartedMain] s.w.s.m.m.a.RequestMappingHandlerAdapter : Looking for @ControllerAdvice: org.springframework.boot.context.embedded.AnnotationConfigEmbeddedWebApplicationContext@7ba097d3: startup date [Sat Dec 30 14:43:09 GMT+01:00 2017]; root of context hierarchy
2017-12-30 14:43:13.220  INFO 14572 --- [restartedMain] s.w.s.m.m.a.RequestMappingHandlerMapping : Mapped "{[/cars],methods=[POST]}" onto public java.lang.String org.gl3.rentos.controller.CarController.saveCar(javax.servlet.http.HttpSession,org.gl3.rentos.model.Car,org.springframework.web.multipart.MultipartFile,org.springframework.web.servlet.mvc.support.RedirectAttributes)
2017-12-30 14:43:13.221  INFO 14572 --- [restartedMain] s.w.s.m.m.a.RequestMappingHandlerMapping : Mapped "{[/cars/{id}]}" onto public java.lang.String org.gl3.rentos.controller.CarController.editCarInfo(int,org.springframework.ui.Model,javax.servlet.http.HttpSession)
2017-12-30 14:43:13.221  INFO 14572 --- [restartedMain] s.w.s.m.m.a.RequestMappingHandlerMapping : Mapped "{[/cars]}" onto public java.lang.String org.gl3.rentos.controller.CarController.listCar(org.gl3.rentos.model.Car,org.springframework.ui.Model,javax.servlet.http.HttpSession)
2017-12-30 14:43:13.221  INFO 14572 --- [restartedMain] s.w.s.m.m.a.RequestMappingHandlerMapping : Mapped "{[/cars/add]}" onto public java.lang.String org.gl3.rentos.controller.CarController.addCar(javax.servlet.http.HttpSession)
2017-12-30 14:43:13.222  INFO 14572 --- [restartedMain] s.w.s.m.m.a.RequestMappingHandlerMapping : Mapped "{[/]}" onto public java.lang.String org.gl3.rentos.controller.MainController.home()
2017-12-30 14:43:13.223  INFO 14572 --- [restartedMain] s.w.s.m.m.a.RequestMappingHandlerMapping : Mapped "{[/rent/{id}],methods=[GET]}" onto public java.lang.String org.gl3.rentos.controller.RentController.rent(int,org.springframework.ui.Model,javax.servlet.http.HttpSession)
2017-12-30 14:43:13.223  INFO 14572 --- [restartedMain] s.w.s.m.m.a.RequestMappingHandlerMapping : Mapped "{[/availablecars],methods=[POST]}" onto public java.lang.String org.gl3.rentos.controller.RentController.searchAvailable(org.gl3.rentos.model.Rent,org.springframework.ui.Model,javax.servlet.http.HttpSession)
2017-12-30 14:43:13.224  INFO 14572 --- [restartedMain] s.w.s.m.m.a.RequestMappingHandlerMapping : Mapped "{[/signup],methods=[POST]}" onto public java.lang.String org.gl3.rentos.controller.UserController.addUser(org.gl3.rentos.model.User,org.springframework.ui.Model)
2017-12-30 14:43:13.224  INFO 14572 --- [restartedMain] s.w.s.m.m.a.RequestMappingHandlerMapping : Mapped "{[/signin]}" onto public java.lang.String org.gl3.rentos.controller.UserController.signin(org.springframework.ui.Model,javax.servlet.http.HttpSession)
2017-12-30 14:43:13.225  INFO 14572 --- [restartedMain] s.w.s.m.m.a.RequestMappingHandlerMapping : Mapped "{[/signup]}" onto public java.lang.String org.gl3.rentos.controller.UserController.signUp(org.springframework.ui.Model)
2017-12-30 14:43:13.225  INFO 14572 --- [restartedMain] s.w.s.m.m.a.RequestMappingHandlerMapping : Mapped "{[/signin],methods=[POST]}" onto public java.lang.String org.gl3.rentos.controller.UserController.validSignIn(org.gl3.rentos.model.User,org.springframework.ui.Model,javax.servlet.http.HttpSession)
2017-12-30 14:43:13.225  INFO 14572 --- [restartedMain] s.w.s.m.m.a.RequestMappingHandlerMapping : Mapped "{[/users/{id}]}" onto public java.lang.String org.gl3.rentos.controller.UserController.editUser(int,org.springframework.ui.Model)
2017-12-30 14:43:13.227  INFO 14572 --- [restartedMain] s.w.s.m.m.a.RequestMappingHandlerMapping : Mapped "{[/error]}" onto public org.springframework.http.ResponseEntity<java.util.Map<java.lang.String, java.lang.Object>> org.springframework.boot.autoconfigure.web.BasicErrorController.error(javax.servlet.http.HttpServletRequest)
2017-12-30 14:43:13.227  INFO 14572 --- [restartedMain] s.w.s.m.m.a.RequestMappingHandlerMapping : Mapped "{[/error],produces=[text/html]}" onto public org.springframework.web.servlet.ModelAndView org.springframework.boot.autoconfigure.web.BasicErrorController.errorHtml(javax.servlet.http.HttpServletRequest,javax.servlet.http.HttpServletResponse)
2017-12-30 14:43:13.253  INFO 14572 --- [restartedMain] o.s.w.s.handler.SimpleUrlHandlerMapping  : Mapped URL path [/webjars/**] onto handler of type [class org.springframework.web.servlet.resource.ResourceHttpRequestHandler]
2017-12-30 14:43:13.253  INFO 14572 --- [restartedMain] o.s.w.s.handler.SimpleUrlHandlerMapping  : Mapped URL path [/**] onto handler of type [class org.springframework.web.servlet.resource.ResourceHttpRequestHandler]
2017-12-30 14:43:13.285  INFO 14572 --- [restartedMain] o.s.w.s.handler.SimpleUrlHandlerMapping  : Mapped URL path [/**/favicon.ico] onto handler of type [class org.springframework.web.servlet.resource.ResourceHttpRequestHandler]
2017-12-30 14:43:13.739  INFO 14572 --- [restartedMain] o.s.b.d.a.OptionalLiveReloadServer       : LiveReload server is running on port 35729
2017-12-30 14:43:13.784  INFO 14572 --- [restartedMain] o.s.j.e.a.AnnotationMBeanExporter        : Registering beans for JMX exposure on startup
2017-12-30 14:43:13.829  INFO 14572 --- [restartedMain] s.b.c.e.t.TomcatEmbeddedServletContainer : Tomcat started on port(s): 8080 (http)
2017-12-30 14:43:13.833  INFO 14572 --- [restartedMain] org.gl3.rentos.RentosApplication         : Started RentosApplication in 4.744 seconds (JVM running for 5.574)
2017-12-30 14:43:17.720  INFO 14572 --- [http-nio-8080-exec-1] o.a.c.c.C.[Tomcat].[localhost].[/]       : Initializing Spring FrameworkServlet 'dispatcherServlet'
2017-12-30 14:43:17.720  INFO 14572 --- [http-nio-8080-exec-1] o.s.web.servlet.DispatcherServlet        : FrameworkServlet 'dispatcherServlet': initialization started
2017-12-30 14:43:17.737  INFO 14572 --- [http-nio-8080-exec-1] o.s.web.servlet.DispatcherServlet        : FrameworkServlet 'dispatcherServlet': initialization completed in 17 ms
2017-12-30 14:43:56.947  INFO 14596 --- [restartedMain] org.gl3.rentos.RentosApplication         : Starting RentosApplication on Haouech-Laptop with PID 14596 (Z:\Career\Projects\rentos\carrent\target\classes started by haoue in Z:\Career\Projects\rentos\carrent)
2017-12-30 14:43:56.948  INFO 14596 --- [restartedMain] org.gl3.rentos.RentosApplication         : No active profile set, falling back to default profiles: default
2017-12-30 14:43:57.246  INFO 14596 --- [restartedMain] ationConfigEmbeddedWebApplicationContext : Refreshing org.springframework.boot.context.embedded.AnnotationConfigEmbeddedWebApplicationContext@6b4951b7: startup date [Sat Dec 30 14:43:57 GMT+01:00 2017]; root of context hierarchy
2017-12-30 14:43:59.047  INFO 14596 --- [restartedMain] s.b.c.e.t.TomcatEmbeddedServletContainer : Tomcat initialized with port(s): 8080 (http)
2017-12-30 14:43:59.055  INFO 14596 --- [restartedMain] o.apache.catalina.core.StandardService   : Starting service [Tomcat]
2017-12-30 14:43:59.056  INFO 14596 --- [restartedMain] org.apache.catalina.core.StandardEngine  : Starting Servlet Engine: Apache Tomcat/8.5.23
2017-12-30 14:43:59.128  INFO 14596 --- [localhost-startStop-1] o.a.c.c.C.[Tomcat].[localhost].[/]       : Initializing Spring embedded WebApplicationContext
2017-12-30 14:43:59.129  INFO 14596 --- [localhost-startStop-1] o.s.web.context.ContextLoader            : Root WebApplicationContext: initialization completed in 1887 ms
2017-12-30 14:43:59.238  INFO 14596 --- [localhost-startStop-1] o.s.b.w.servlet.ServletRegistrationBean  : Mapping servlet: 'dispatcherServlet' to [/]
2017-12-30 14:43:59.241  INFO 14596 --- [localhost-startStop-1] o.s.b.w.servlet.FilterRegistrationBean   : Mapping filter: 'characterEncodingFilter' to: [/*]
2017-12-30 14:43:59.241  INFO 14596 --- [localhost-startStop-1] o.s.b.w.servlet.FilterRegistrationBean   : Mapping filter: 'hiddenHttpMethodFilter' to: [/*]
2017-12-30 14:43:59.241  INFO 14596 --- [localhost-startStop-1] o.s.b.w.servlet.FilterRegistrationBean   : Mapping filter: 'httpPutFormContentFilter' to: [/*]
2017-12-30 14:43:59.241  INFO 14596 --- [localhost-startStop-1] o.s.b.w.servlet.FilterRegistrationBean   : Mapping filter: 'requestContextFilter' to: [/*]
2017-12-30 14:43:59.605  INFO 14596 --- [restartedMain] j.LocalContainerEntityManagerFactoryBean : Building JPA container EntityManagerFactory for persistence unit 'default'
2017-12-30 14:43:59.616  INFO 14596 --- [restartedMain] o.hibernate.jpa.internal.util.LogHelper  : HHH000204: Processing PersistenceUnitInfo [
	name: default
	...]
2017-12-30 14:43:59.668  INFO 14596 --- [restartedMain] org.hibernate.Version                    : HHH000412: Hibernate Core {5.0.12.Final}
2017-12-30 14:43:59.670  INFO 14596 --- [restartedMain] org.hibernate.cfg.Environment            : HHH000206: hibernate.properties not found
2017-12-30 14:43:59.674  INFO 14596 --- [restartedMain] org.hibernate.cfg.Environment            : HHH000021: Bytecode provider name : javassist
2017-12-30 14:43:59.708  INFO 14596 --- [restartedMain] o.hibernate.annotations.common.Version   : HCANN000001: Hibernate Commons Annotations {5.0.1.Final}
2017-12-30 14:43:59.784  INFO 14596 --- [restartedMain] org.hibernate.dialect.Dialect            : HHH000400: Using dialect: org.hibernate.dialect.DerbyDialect
2017-12-30 14:43:59.790  WARN 14596 --- [restartedMain] org.hibernate.dialect.DerbyDialect       : HHH000430: The DerbyDialect dialect has been deprecated; use one of the version-specific dialects instead
2017-12-30 14:44:00.036  WARN 14596 --- [restartedMain] org.hibernate.orm.deprecation            : HHH90000014: Found use of deprecated [org.hibernate.id.SequenceHiLoGenerator] sequence-based id generator; use org.hibernate.id.enhanced.SequenceStyleGenerator instead.  See Hibernate Domain Model Mapping Guide for details.
2017-12-30 14:44:00.040  WARN 14596 --- [restartedMain] org.hibernate.orm.deprecation            : HHH90000014: Found use of deprecated [org.hibernate.id.SequenceHiLoGenerator] sequence-based id generator; use org.hibernate.id.enhanced.SequenceStyleGenerator instead.  See Hibernate Domain Model Mapping Guide for details.
2017-12-30 14:44:00.041  WARN 14596 --- [restartedMain] org.hibernate.orm.deprecation            : HHH90000014: Found use of deprecated [org.hibernate.id.SequenceHiLoGenerator] sequence-based id generator; use org.hibernate.id.enhanced.SequenceStyleGenerator instead.  See Hibernate Domain Model Mapping Guide for details.
2017-12-30 14:44:00.226  INFO 14596 --- [restartedMain] org.hibernate.tool.hbm2ddl.SchemaUpdate  : HHH000228: Running hbm2ddl schema update
2017-12-30 14:44:00.357  INFO 14596 --- [restartedMain] j.LocalContainerEntityManagerFactoryBean : Initialized JPA EntityManagerFactory for persistence unit 'default'
2017-12-30 14:44:00.800  INFO 14596 --- [restartedMain] s.w.s.m.m.a.RequestMappingHandlerAdapter : Looking for @ControllerAdvice: org.springframework.boot.context.embedded.AnnotationConfigEmbeddedWebApplicationContext@6b4951b7: startup date [Sat Dec 30 14:43:57 GMT+01:00 2017]; root of context hierarchy
2017-12-30 14:44:00.855  INFO 14596 --- [restartedMain] s.w.s.m.m.a.RequestMappingHandlerMapping : Mapped "{[/cars]}" onto public java.lang.String org.gl3.rentos.controller.CarController.listCar(org.gl3.rentos.model.Car,org.springframework.ui.Model,javax.servlet.http.HttpSession)
2017-12-30 14:44:00.856  INFO 14596 --- [restartedMain] s.w.s.m.m.a.RequestMappingHandlerMapping : Mapped "{[/cars/{id}]}" onto public java.lang.String org.gl3.rentos.controller.CarController.editCarInfo(int,org.springframework.ui.Model,javax.servlet.http.HttpSession)
2017-12-30 14:44:00.856  INFO 14596 --- [restartedMain] s.w.s.m.m.a.RequestMappingHandlerMapping : Mapped "{[/cars],methods=[POST]}" onto public java.lang.String org.gl3.rentos.controller.CarController.saveCar(javax.servlet.http.HttpSession,org.gl3.rentos.model.Car,org.springframework.web.multipart.MultipartFile,org.springframework.web.servlet.mvc.support.RedirectAttributes)
2017-12-30 14:44:00.856  INFO 14596 --- [restartedMain] s.w.s.m.m.a.RequestMappingHandlerMapping : Mapped "{[/cars/add]}" onto public java.lang.String org.gl3.rentos.controller.CarController.addCar(javax.servlet.http.HttpSession)
2017-12-30 14:44:00.857  INFO 14596 --- [restartedMain] s.w.s.m.m.a.RequestMappingHandlerMapping : Mapped "{[/]}" onto public java.lang.String org.gl3.rentos.controller.MainController.home()
2017-12-30 14:44:00.858  INFO 14596 --- [restartedMain] s.w.s.m.m.a.RequestMappingHandlerMapping : Mapped "{[/availablecars],methods=[POST]}" onto public java.lang.String org.gl3.rentos.controller.RentController.searchAvailable(org.gl3.rentos.model.Rent,org.springframework.ui.Model,javax.servlet.http.HttpSession)
2017-12-30 14:44:00.858  INFO 14596 --- [restartedMain] s.w.s.m.m.a.RequestMappingHandlerMapping : Mapped "{[/rent/{id}],methods=[GET]}" onto public java.lang.String org.gl3.rentos.controller.RentController.rent(int,org.springframework.ui.Model,javax.servlet.http.HttpSession)
2017-12-30 14:44:00.859  INFO 14596 --- [restartedMain] s.w.s.m.m.a.RequestMappingHandlerMapping : Mapped "{[/signup],methods=[POST]}" onto public java.lang.String org.gl3.rentos.controller.UserController.addUser(org.gl3.rentos.model.User,org.springframework.ui.Model)
2017-12-30 14:44:00.859  INFO 14596 --- [restartedMain] s.w.s.m.m.a.RequestMappingHandlerMapping : Mapped "{[/signin]}" onto public java.lang.String org.gl3.rentos.controller.UserController.signin(org.springframework.ui.Model,javax.servlet.http.HttpSession)
2017-12-30 14:44:00.859  INFO 14596 --- [restartedMain] s.w.s.m.m.a.RequestMappingHandlerMapping : Mapped "{[/users/{id}]}" onto public java.lang.String org.gl3.rentos.controller.UserController.editUser(int,org.springframework.ui.Model)
2017-12-30 14:44:00.860  INFO 14596 --- [restartedMain] s.w.s.m.m.a.RequestMappingHandlerMapping : Mapped "{[/signup]}" onto public java.lang.String org.gl3.rentos.controller.UserController.signUp(org.springframework.ui.Model)
2017-12-30 14:44:00.860  INFO 14596 --- [restartedMain] s.w.s.m.m.a.RequestMappingHandlerMapping : Mapped "{[/signin],methods=[POST]}" onto public java.lang.String org.gl3.rentos.controller.UserController.validSignIn(org.gl3.rentos.model.User,org.springframework.ui.Model,javax.servlet.http.HttpSession)
2017-12-30 14:44:00.862  INFO 14596 --- [restartedMain] s.w.s.m.m.a.RequestMappingHandlerMapping : Mapped "{[/error]}" onto public org.springframework.http.ResponseEntity<java.util.Map<java.lang.String, java.lang.Object>> org.springframework.boot.autoconfigure.web.BasicErrorController.error(javax.servlet.http.HttpServletRequest)
2017-12-30 14:44:00.862  INFO 14596 --- [restartedMain] s.w.s.m.m.a.RequestMappingHandlerMapping : Mapped "{[/error],produces=[text/html]}" onto public org.springframework.web.servlet.ModelAndView org.springframework.boot.autoconfigure.web.BasicErrorController.errorHtml(javax.servlet.http.HttpServletRequest,javax.servlet.http.HttpServletResponse)
2017-12-30 14:44:00.886  INFO 14596 --- [restartedMain] o.s.w.s.handler.SimpleUrlHandlerMapping  : Mapped URL path [/webjars/**] onto handler of type [class org.springframework.web.servlet.resource.ResourceHttpRequestHandler]
2017-12-30 14:44:00.886  INFO 14596 --- [restartedMain] o.s.w.s.handler.SimpleUrlHandlerMapping  : Mapped URL path [/**] onto handler of type [class org.springframework.web.servlet.resource.ResourceHttpRequestHandler]
2017-12-30 14:44:00.916  INFO 14596 --- [restartedMain] o.s.w.s.handler.SimpleUrlHandlerMapping  : Mapped URL path [/**/favicon.ico] onto handler of type [class org.springframework.web.servlet.resource.ResourceHttpRequestHandler]
2017-12-30 14:44:01.326  INFO 14596 --- [restartedMain] o.s.b.d.a.OptionalLiveReloadServer       : LiveReload server is running on port 35729
2017-12-30 14:44:01.371  INFO 14596 --- [restartedMain] o.s.j.e.a.AnnotationMBeanExporter        : Registering beans for JMX exposure on startup
2017-12-30 14:44:01.413  INFO 14596 --- [restartedMain] s.b.c.e.t.TomcatEmbeddedServletContainer : Tomcat started on port(s): 8080 (http)
2017-12-30 14:44:01.417  INFO 14596 --- [restartedMain] org.gl3.rentos.RentosApplication         : Started RentosApplication in 4.788 seconds (JVM running for 5.699)
2017-12-30 14:44:01.590  INFO 14596 --- [http-nio-8080-exec-2] o.a.c.c.C.[Tomcat].[localhost].[/]       : Initializing Spring FrameworkServlet 'dispatcherServlet'
2017-12-30 14:44:01.591  INFO 14596 --- [http-nio-8080-exec-2] o.s.web.servlet.DispatcherServlet        : FrameworkServlet 'dispatcherServlet': initialization started
2017-12-30 14:44:01.609  INFO 14596 --- [http-nio-8080-exec-2] o.s.web.servlet.DispatcherServlet        : FrameworkServlet 'dispatcherServlet': initialization completed in 17 ms
2017-12-30 14:44:06.940  INFO 14596 --- [http-nio-8080-exec-5] org.gl3.rentos.controller.CarController  : bitches
2017-12-30 15:05:16.018  INFO 9236 --- [restartedMain] org.gl3.rentos.RentosApplication         : Starting RentosApplication on Haouech-Laptop with PID 9236 (Z:\Career\Projects\rentos\carrent\target\classes started by haoue in Z:\Career\Projects\rentos\carrent)
2017-12-30 15:05:16.020  INFO 9236 --- [restartedMain] org.gl3.rentos.RentosApplication         : No active profile set, falling back to default profiles: default
2017-12-30 15:05:16.442  INFO 9236 --- [restartedMain] ationConfigEmbeddedWebApplicationContext : Refreshing org.springframework.boot.context.embedded.AnnotationConfigEmbeddedWebApplicationContext@52845668: startup date [Sat Dec 30 15:05:16 GMT+01:00 2017]; root of context hierarchy
2017-12-30 15:05:17.963  INFO 9236 --- [restartedMain] s.b.c.e.t.TomcatEmbeddedServletContainer : Tomcat initialized with port(s): 8080 (http)
2017-12-30 15:05:17.971  INFO 9236 --- [restartedMain] o.apache.catalina.core.StandardService   : Starting service [Tomcat]
2017-12-30 15:05:17.972  INFO 9236 --- [restartedMain] org.apache.catalina.core.StandardEngine  : Starting Servlet Engine: Apache Tomcat/8.5.23
2017-12-30 15:05:18.052  INFO 9236 --- [localhost-startStop-1] o.a.c.c.C.[Tomcat].[localhost].[/]       : Initializing Spring embedded WebApplicationContext
2017-12-30 15:05:18.052  INFO 9236 --- [localhost-startStop-1] o.s.web.context.ContextLoader            : Root WebApplicationContext: initialization completed in 1613 ms
2017-12-30 15:05:18.161  INFO 9236 --- [localhost-startStop-1] o.s.b.w.servlet.ServletRegistrationBean  : Mapping servlet: 'dispatcherServlet' to [/]
2017-12-30 15:05:18.164  INFO 9236 --- [localhost-startStop-1] o.s.b.w.servlet.FilterRegistrationBean   : Mapping filter: 'characterEncodingFilter' to: [/*]
2017-12-30 15:05:18.165  INFO 9236 --- [localhost-startStop-1] o.s.b.w.servlet.FilterRegistrationBean   : Mapping filter: 'hiddenHttpMethodFilter' to: [/*]
2017-12-30 15:05:18.165  INFO 9236 --- [localhost-startStop-1] o.s.b.w.servlet.FilterRegistrationBean   : Mapping filter: 'httpPutFormContentFilter' to: [/*]
2017-12-30 15:05:18.165  INFO 9236 --- [localhost-startStop-1] o.s.b.w.servlet.FilterRegistrationBean   : Mapping filter: 'requestContextFilter' to: [/*]
2017-12-30 15:05:18.501  INFO 9236 --- [restartedMain] j.LocalContainerEntityManagerFactoryBean : Building JPA container EntityManagerFactory for persistence unit 'default'
2017-12-30 15:05:18.511  INFO 9236 --- [restartedMain] o.hibernate.jpa.internal.util.LogHelper  : HHH000204: Processing PersistenceUnitInfo [
	name: default
	...]
2017-12-30 15:05:18.560  INFO 9236 --- [restartedMain] org.hibernate.Version                    : HHH000412: Hibernate Core {5.0.12.Final}
2017-12-30 15:05:18.561  INFO 9236 --- [restartedMain] org.hibernate.cfg.Environment            : HHH000206: hibernate.properties not found
2017-12-30 15:05:18.562  INFO 9236 --- [restartedMain] org.hibernate.cfg.Environment            : HHH000021: Bytecode provider name : javassist
2017-12-30 15:05:18.593  INFO 9236 --- [restartedMain] o.hibernate.annotations.common.Version   : HCANN000001: Hibernate Commons Annotations {5.0.1.Final}
2017-12-30 15:05:18.667  INFO 9236 --- [restartedMain] org.hibernate.dialect.Dialect            : HHH000400: Using dialect: org.hibernate.dialect.DerbyDialect
2017-12-30 15:05:18.674  WARN 9236 --- [restartedMain] org.hibernate.dialect.DerbyDialect       : HHH000430: The DerbyDialect dialect has been deprecated; use one of the version-specific dialects instead
2017-12-30 15:05:18.904  WARN 9236 --- [restartedMain] org.hibernate.orm.deprecation            : HHH90000014: Found use of deprecated [org.hibernate.id.SequenceHiLoGenerator] sequence-based id generator; use org.hibernate.id.enhanced.SequenceStyleGenerator instead.  See Hibernate Domain Model Mapping Guide for details.
2017-12-30 15:05:18.906  WARN 9236 --- [restartedMain] org.hibernate.orm.deprecation            : HHH90000014: Found use of deprecated [org.hibernate.id.SequenceHiLoGenerator] sequence-based id generator; use org.hibernate.id.enhanced.SequenceStyleGenerator instead.  See Hibernate Domain Model Mapping Guide for details.
2017-12-30 15:05:18.907  WARN 9236 --- [restartedMain] org.hibernate.orm.deprecation            : HHH90000014: Found use of deprecated [org.hibernate.id.SequenceHiLoGenerator] sequence-based id generator; use org.hibernate.id.enhanced.SequenceStyleGenerator instead.  See Hibernate Domain Model Mapping Guide for details.
2017-12-30 15:05:19.079  INFO 9236 --- [restartedMain] org.hibernate.tool.hbm2ddl.SchemaUpdate  : HHH000228: Running hbm2ddl schema update
2017-12-30 15:05:19.220  INFO 9236 --- [restartedMain] j.LocalContainerEntityManagerFactoryBean : Initialized JPA EntityManagerFactory for persistence unit 'default'
2017-12-30 15:05:19.668  INFO 9236 --- [restartedMain] s.w.s.m.m.a.RequestMappingHandlerAdapter : Looking for @ControllerAdvice: org.springframework.boot.context.embedded.AnnotationConfigEmbeddedWebApplicationContext@52845668: startup date [Sat Dec 30 15:05:16 GMT+01:00 2017]; root of context hierarchy
2017-12-30 15:05:19.725  INFO 9236 --- [restartedMain] s.w.s.m.m.a.RequestMappingHandlerMapping : Mapped "{[/cars]}" onto public java.lang.String org.gl3.rentos.controller.CarController.listCar(org.gl3.rentos.model.Car,org.springframework.ui.Model,javax.servlet.http.HttpSession)
2017-12-30 15:05:19.725  INFO 9236 --- [restartedMain] s.w.s.m.m.a.RequestMappingHandlerMapping : Mapped "{[/cars/{id}]}" onto public java.lang.String org.gl3.rentos.controller.CarController.editCarInfo(int,org.springframework.ui.Model,javax.servlet.http.HttpSession)
2017-12-30 15:05:19.726  INFO 9236 --- [restartedMain] s.w.s.m.m.a.RequestMappingHandlerMapping : Mapped "{[/cars],methods=[POST]}" onto public java.lang.String org.gl3.rentos.controller.CarController.saveCar(javax.servlet.http.HttpSession,org.gl3.rentos.model.Car,org.springframework.web.multipart.MultipartFile,org.springframework.web.servlet.mvc.support.RedirectAttributes)
2017-12-30 15:05:19.726  INFO 9236 --- [restartedMain] s.w.s.m.m.a.RequestMappingHandlerMapping : Mapped "{[/cars/add]}" onto public java.lang.String org.gl3.rentos.controller.CarController.addCar(javax.servlet.http.HttpSession)
2017-12-30 15:05:19.726  INFO 9236 --- [restartedMain] s.w.s.m.m.a.RequestMappingHandlerMapping : Mapped "{[/]}" onto public java.lang.String org.gl3.rentos.controller.MainController.home()
2017-12-30 15:05:19.728  INFO 9236 --- [restartedMain] s.w.s.m.m.a.RequestMappingHandlerMapping : Mapped "{[/rent/{id}],methods=[GET]}" onto public java.lang.String org.gl3.rentos.controller.RentController.rent(int,org.springframework.ui.Model,javax.servlet.http.HttpSession)
2017-12-30 15:05:19.728  INFO 9236 --- [restartedMain] s.w.s.m.m.a.RequestMappingHandlerMapping : Mapped "{[/availablecars],methods=[POST]}" onto public java.lang.String org.gl3.rentos.controller.RentController.searchAvailable(org.gl3.rentos.model.Rent,org.springframework.ui.Model,javax.servlet.http.HttpSession)
2017-12-30 15:05:19.729  INFO 9236 --- [restartedMain] s.w.s.m.m.a.RequestMappingHandlerMapping : Mapped "{[/signin],methods=[POST]}" onto public java.lang.String org.gl3.rentos.controller.UserController.validSignIn(org.gl3.rentos.model.User,org.springframework.ui.Model,javax.servlet.http.HttpSession)
2017-12-30 15:05:19.729  INFO 9236 --- [restartedMain] s.w.s.m.m.a.RequestMappingHandlerMapping : Mapped "{[/signin]}" onto public java.lang.String org.gl3.rentos.controller.UserController.signin(org.springframework.ui.Model,javax.servlet.http.HttpSession)
2017-12-30 15:05:19.729  INFO 9236 --- [restartedMain] s.w.s.m.m.a.RequestMappingHandlerMapping : Mapped "{[/signup]}" onto public java.lang.String org.gl3.rentos.controller.UserController.signUp(org.springframework.ui.Model)
2017-12-30 15:05:19.729  INFO 9236 --- [restartedMain] s.w.s.m.m.a.RequestMappingHandlerMapping : Mapped "{[/users/{id}]}" onto public java.lang.String org.gl3.rentos.controller.UserController.editUser(int,org.springframework.ui.Model)
2017-12-30 15:05:19.730  INFO 9236 --- [restartedMain] s.w.s.m.m.a.RequestMappingHandlerMapping : Mapped "{[/signup],methods=[POST]}" onto public java.lang.String org.gl3.rentos.controller.UserController.addUser(org.gl3.rentos.model.User,org.springframework.ui.Model)
2017-12-30 15:05:19.732  INFO 9236 --- [restartedMain] s.w.s.m.m.a.RequestMappingHandlerMapping : Mapped "{[/error]}" onto public org.springframework.http.ResponseEntity<java.util.Map<java.lang.String, java.lang.Object>> org.springframework.boot.autoconfigure.web.BasicErrorController.error(javax.servlet.http.HttpServletRequest)
2017-12-30 15:05:19.732  INFO 9236 --- [restartedMain] s.w.s.m.m.a.RequestMappingHandlerMapping : Mapped "{[/error],produces=[text/html]}" onto public org.springframework.web.servlet.ModelAndView org.springframework.boot.autoconfigure.web.BasicErrorController.errorHtml(javax.servlet.http.HttpServletRequest,javax.servlet.http.HttpServletResponse)
2017-12-30 15:05:19.759  INFO 9236 --- [restartedMain] o.s.w.s.handler.SimpleUrlHandlerMapping  : Mapped URL path [/webjars/**] onto handler of type [class org.springframework.web.servlet.resource.ResourceHttpRequestHandler]
2017-12-30 15:05:19.759  INFO 9236 --- [restartedMain] o.s.w.s.handler.SimpleUrlHandlerMapping  : Mapped URL path [/**] onto handler of type [class org.springframework.web.servlet.resource.ResourceHttpRequestHandler]
2017-12-30 15:05:19.788  INFO 9236 --- [restartedMain] o.s.w.s.handler.SimpleUrlHandlerMapping  : Mapped URL path [/**/favicon.ico] onto handler of type [class org.springframework.web.servlet.resource.ResourceHttpRequestHandler]
2017-12-30 15:05:20.216  INFO 9236 --- [restartedMain] o.s.b.d.a.OptionalLiveReloadServer       : LiveReload server is running on port 35729
2017-12-30 15:05:20.277  INFO 9236 --- [restartedMain] o.s.j.e.a.AnnotationMBeanExporter        : Registering beans for JMX exposure on startup
2017-12-30 15:05:20.363  INFO 9236 --- [restartedMain] s.b.c.e.t.TomcatEmbeddedServletContainer : Tomcat started on port(s): 8080 (http)
2017-12-30 15:05:20.369  INFO 9236 --- [restartedMain] org.gl3.rentos.RentosApplication         : Started RentosApplication in 4.678 seconds (JVM running for 5.52)
2017-12-30 15:05:31.346  INFO 9236 --- [http-nio-8080-exec-1] o.a.c.c.C.[Tomcat].[localhost].[/]       : Initializing Spring FrameworkServlet 'dispatcherServlet'
2017-12-30 15:05:31.346  INFO 9236 --- [http-nio-8080-exec-1] o.s.web.servlet.DispatcherServlet        : FrameworkServlet 'dispatcherServlet': initialization started
2017-12-30 15:05:31.363  INFO 9236 --- [http-nio-8080-exec-1] o.s.web.servlet.DispatcherServlet        : FrameworkServlet 'dispatcherServlet': initialization completed in 17 ms
2017-12-30 15:05:31.394 ERROR 9236 --- [http-nio-8080-exec-1] error                                    : bitches
